{"/home/minjian/develop/bizs/bms/frontend/src/api/base.ts": {"path":"/home/minjian/develop/bizs/bms/frontend/src/api/base.ts","statementMap":{"0":{"start":{"line":11,"column":4},"end":{"line":11,"column":null}},"1":{"start":{"line":15,"column":4},"end":{"line":15,"column":null}},"2":{"start":{"line":19,"column":4},"end":{"line":19,"column":null}},"3":{"start":{"line":23,"column":4},"end":{"line":23,"column":null}},"4":{"start":{"line":27,"column":4},"end":{"line":27,"column":null}}},"fnMap":{"0":{"name":"constructor","decl":{"start":{"line":10,"column":2},"end":{"line":10,"column":14}},"loc":{"start":{"line":10,"column":32},"end":{"line":12,"column":null}},"line":10},"1":{"name":"get","decl":{"start":{"line":14,"column":2},"end":{"line":14,"column":12}},"loc":{"start":{"line":14,"column":70},"end":{"line":16,"column":null}},"line":14},"2":{"name":"post","decl":{"start":{"line":18,"column":2},"end":{"line":18,"column":12}},"loc":{"start":{"line":18,"column":87},"end":{"line":20,"column":null}},"line":18},"3":{"name":"put","decl":{"start":{"line":22,"column":2},"end":{"line":22,"column":12}},"loc":{"start":{"line":22,"column":86},"end":{"line":24,"column":null}},"line":22},"4":{"name":"delete","decl":{"start":{"line":26,"column":2},"end":{"line":26,"column":12}},"loc":{"start":{"line":26,"column":73},"end":{"line":28,"column":null}},"line":26}},"branchMap":{"0":{"loc":{"start":{"line":14,"column":19},"end":{"line":14,"column":29}},"type":"default-arg","locations":[{"start":{"line":14,"column":25},"end":{"line":14,"column":29}}],"line":14},"1":{"loc":{"start":{"line":18,"column":20},"end":{"line":18,"column":30}},"type":"default-arg","locations":[{"start":{"line":18,"column":26},"end":{"line":18,"column":30}}],"line":18},"2":{"loc":{"start":{"line":22,"column":19},"end":{"line":22,"column":29}},"type":"default-arg","locations":[{"start":{"line":22,"column":25},"end":{"line":22,"column":29}}],"line":22},"3":{"loc":{"start":{"line":26,"column":22},"end":{"line":26,"column":32}},"type":"default-arg","locations":[{"start":{"line":26,"column":28},"end":{"line":26,"column":32}}],"line":26}},"s":{"0":1,"1":1,"2":1,"3":1,"4":1},"f":{"0":1,"1":1,"2":1,"3":1,"4":1},"b":{"0":[1],"1":[1],"2":[1],"3":[1]},"meta":{"lastBranch":4,"lastFunction":5,"lastStatement":5,"seen":{"f:10:2:10:14":0,"s:11:4:11:Infinity":0,"f:14:2:14:12":1,"b:14:25:14:29":0,"s:15:4:15:Infinity":1,"f:18:2:18:12":2,"b:18:26:18:30":1,"s:19:4:19:Infinity":2,"f:22:2:22:12":3,"b:22:25:22:29":2,"s:23:4:23:Infinity":3,"f:26:2:26:12":4,"b:26:28:26:32":3,"s:27:4:27:Infinity":4},"fnNames":{}}}
,"/home/minjian/develop/bizs/bms/frontend/src/i18n/en-US.ts": {"path":"/home/minjian/develop/bizs/bms/frontend/src/i18n/en-US.ts","statementMap":{},"fnMap":{},"branchMap":{},"s":{},"f":{},"b":{},"meta":{"lastBranch":0,"lastFunction":0,"lastStatement":0,"seen":{},"fnNames":{}}}
,"/home/minjian/develop/bizs/bms/frontend/src/i18n/index.ts": {"path":"/home/minjian/develop/bizs/bms/frontend/src/i18n/index.ts","statementMap":{"0":{"start":{"line":6,"column":20},"end":{"line":14,"column":null}}},"fnMap":{},"branchMap":{},"s":{"0":2},"f":{},"b":{},"meta":{"lastBranch":0,"lastFunction":0,"lastStatement":1,"seen":{"s:6:20:14:Infinity":0},"fnNames":{}}}
,"/home/minjian/develop/bizs/bms/frontend/src/i18n/zh-CN.ts": {"path":"/home/minjian/develop/bizs/bms/frontend/src/i18n/zh-CN.ts","statementMap":{},"fnMap":{},"branchMap":{},"s":{},"f":{},"b":{},"meta":{"lastBranch":0,"lastFunction":0,"lastStatement":0,"seen":{},"fnNames":{}}}
,"/home/minjian/develop/bizs/bms/frontend/src/stores/base.ts": {"path":"/home/minjian/develop/bizs/bms/frontend/src/stores/base.ts","statementMap":{"0":{"start":{"line":21,"column":2},"end":{"line":56,"column":null}},"1":{"start":{"line":22,"column":17},"end":{"line":22,"column":null}},"2":{"start":{"line":23,"column":18},"end":{"line":23,"column":null}},"3":{"start":{"line":24,"column":20},"end":{"line":24,"column":null}},"4":{"start":{"line":27,"column":6},"end":{"line":27,"column":null}},"5":{"start":{"line":28,"column":6},"end":{"line":34,"column":null}},"6":{"start":{"line":29,"column":21},"end":{"line":29,"column":null}},"7":{"start":{"line":30,"column":8},"end":{"line":30,"column":null}},"8":{"start":{"line":31,"column":8},"end":{"line":31,"column":null}},"9":{"start":{"line":33,"column":8},"end":{"line":33,"column":null}},"10":{"start":{"line":38,"column":6},"end":{"line":38,"column":null}},"11":{"start":{"line":42,"column":6},"end":{"line":42,"column":null}},"12":{"start":{"line":46,"column":6},"end":{"line":46,"column":null}},"13":{"start":{"line":50,"column":6},"end":{"line":50,"column":null}},"14":{"start":{"line":51,"column":6},"end":{"line":51,"column":null}},"15":{"start":{"line":51,"column":47},"end":{"line":51,"column":61}},"16":{"start":{"line":52,"column":6},"end":{"line":52,"column":null}},"17":{"start":{"line":55,"column":4},"end":{"line":55,"column":null}}},"fnMap":{"0":{"name":"createCrudStore","decl":{"start":{"line":17,"column":16},"end":{"line":17,"column":null}},"loc":{"start":{"line":20,"column":2},"end":{"line":57,"column":null}},"line":20},"1":{"name":"(anonymous_1)","decl":{"start":{"line":21,"column":21},"end":{"line":21,"column":36}},"loc":{"start":{"line":21,"column":36},"end":{"line":56,"column":3}},"line":21},"2":{"name":"fetchList","decl":{"start":{"line":26,"column":19},"end":{"line":26,"column":29}},"loc":{"start":{"line":26,"column":58},"end":{"line":35,"column":null}},"line":26},"3":{"name":"fetchOne","decl":{"start":{"line":37,"column":19},"end":{"line":37,"column":28}},"loc":{"start":{"line":37,"column":57},"end":{"line":39,"column":null}},"line":37},"4":{"name":"create","decl":{"start":{"line":41,"column":19},"end":{"line":41,"column":26}},"loc":{"start":{"line":41,"column":74},"end":{"line":43,"column":null}},"line":41},"5":{"name":"update","decl":{"start":{"line":45,"column":19},"end":{"line":45,"column":26}},"loc":{"start":{"line":45,"column":86},"end":{"line":47,"column":null}},"line":45},"6":{"name":"remove","decl":{"start":{"line":49,"column":19},"end":{"line":49,"column":26}},"loc":{"start":{"line":49,"column":53},"end":{"line":53,"column":null}},"line":49},"7":{"name":"(anonymous_7)","decl":{"start":{"line":51,"column":30},"end":{"line":51,"column":38}},"loc":{"start":{"line":51,"column":47},"end":{"line":51,"column":61}},"line":51}},"branchMap":{},"s":{"0":1,"1":1,"2":1,"3":1,"4":1,"5":1,"6":1,"7":1,"8":1,"9":1,"10":1,"11":1,"12":1,"13":1,"14":1,"15":1,"16":1,"17":1},"f":{"0":1,"1":1,"2":1,"3":1,"4":1,"5":1,"6":1,"7":1},"b":{},"meta":{"lastBranch":0,"lastFunction":8,"lastStatement":18,"seen":{"f:17:16:17:Infinity":0,"s:21:2:56:Infinity":0,"f:21:21:21:36":1,"s:22:17:22:Infinity":1,"s:23:18:23:Infinity":2,"s:24:20:24:Infinity":3,"f:26:19:26:29":2,"s:27:6:27:Infinity":4,"s:28:6:34:Infinity":5,"s:29:21:29:Infinity":6,"s:30:8:30:Infinity":7,"s:31:8:31:Infinity":8,"s:33:8:33:Infinity":9,"f:37:19:37:28":3,"s:38:6:38:Infinity":10,"f:41:19:41:26":4,"s:42:6:42:Infinity":11,"f:45:19:45:26":5,"s:46:6:46:Infinity":12,"f:49:19:49:26":6,"s:50:6:50:Infinity":13,"s:51:6:51:Infinity":14,"f:51:30:51:38":7,"s:51:47:51:61":15,"s:52:6:52:Infinity":16,"s:55:4:55:Infinity":17},"fnNames":{}}}
,"/home/minjian/develop/bizs/bms/frontend/src/utils/serialize.ts": {"path":"/home/minjian/develop/bizs/bms/frontend/src/utils/serialize.ts","statementMap":{"0":{"start":{"line":4,"column":2},"end":{"line":4,"column":null}},"1":{"start":{"line":8,"column":2},"end":{"line":10,"column":null}},"2":{"start":{"line":9,"column":4},"end":{"line":9,"column":null}},"3":{"start":{"line":11,"column":2},"end":{"line":13,"column":null}},"4":{"start":{"line":12,"column":4},"end":{"line":12,"column":null}},"5":{"start":{"line":14,"column":2},"end":{"line":16,"column":null}},"6":{"start":{"line":15,"column":4},"end":{"line":15,"column":null}},"7":{"start":{"line":17,"column":2},"end":{"line":19,"column":null}},"8":{"start":{"line":18,"column":4},"end":{"line":18,"column":null}},"9":{"start":{"line":18,"column":31},"end":{"line":18,"column":46}},"10":{"start":{"line":20,"column":2},"end":{"line":24,"column":null}},"11":{"start":{"line":21,"column":4},"end":{"line":23,"column":null}},"12":{"start":{"line":22,"column":21},"end":{"line":22,"column":36}},"13":{"start":{"line":23,"column":22},"end":{"line":23,"column":73}},"14":{"start":{"line":25,"column":2},"end":{"line":30,"column":null}},"15":{"start":{"line":26,"column":20},"end":{"line":28,"column":null}},"16":{"start":{"line":27,"column":28},"end":{"line":27,"column":79}},"17":{"start":{"line":28,"column":22},"end":{"line":28,"column":45}},"18":{"start":{"line":29,"column":4},"end":{"line":29,"column":null}},"19":{"start":{"line":31,"column":18},"end":{"line":33,"column":null}},"20":{"start":{"line":32,"column":24},"end":{"line":32,"column":41}},"21":{"start":{"line":33,"column":26},"end":{"line":33,"column":69}},"22":{"start":{"line":34,"column":2},"end":{"line":34,"column":null}},"23":{"start":{"line":38,"column":2},"end":{"line":38,"column":null}}},"fnMap":{"0":{"name":"compareKeys","decl":{"start":{"line":3,"column":9},"end":{"line":3,"column":21}},"loc":{"start":{"line":3,"column":51},"end":{"line":5,"column":null}},"line":3},"1":{"name":"normalize","decl":{"start":{"line":7,"column":9},"end":{"line":7,"column":19}},"loc":{"start":{"line":7,"column":44},"end":{"line":35,"column":null}},"line":7},"2":{"name":"(anonymous_2)","decl":{"start":{"line":18,"column":17},"end":{"line":18,"column":22}},"loc":{"start":{"line":18,"column":31},"end":{"line":18,"column":46}},"line":18},"3":{"name":"(anonymous_3)","decl":{"start":{"line":22,"column":7},"end":{"line":22,"column":12}},"loc":{"start":{"line":22,"column":21},"end":{"line":22,"column":36}},"line":22},"4":{"name":"(anonymous_4)","decl":{"start":{"line":23,"column":7},"end":{"line":23,"column":13}},"loc":{"start":{"line":23,"column":22},"end":{"line":23,"column":73}},"line":23},"5":{"name":"(anonymous_5)","decl":{"start":{"line":27,"column":7},"end":{"line":27,"column":12}},"loc":{"start":{"line":27,"column":28},"end":{"line":27,"column":79}},"line":27},"6":{"name":"(anonymous_6)","decl":{"start":{"line":28,"column":7},"end":{"line":28,"column":13}},"loc":{"start":{"line":28,"column":22},"end":{"line":28,"column":45}},"line":28},"7":{"name":"(anonymous_7)","decl":{"start":{"line":32,"column":5},"end":{"line":32,"column":11}},"loc":{"start":{"line":32,"column":24},"end":{"line":32,"column":41}},"line":32},"8":{"name":"(anonymous_8)","decl":{"start":{"line":33,"column":5},"end":{"line":33,"column":10}},"loc":{"start":{"line":33,"column":26},"end":{"line":33,"column":69}},"line":33},"9":{"name":"stableStringify","decl":{"start":{"line":37,"column":16},"end":{"line":37,"column":32}},"loc":{"start":{"line":37,"column":56},"end":{"line":39,"column":null}},"line":37}},"branchMap":{"0":{"loc":{"start":{"line":4,"column":9},"end":{"line":4,"column":null}},"type":"cond-expr","locations":[{"start":{"line":4,"column":17},"end":{"line":4,"column":22}},{"start":{"line":4,"column":22},"end":{"line":4,"column":null}}],"line":4},"1":{"loc":{"start":{"line":4,"column":22},"end":{"line":4,"column":null}},"type":"cond-expr","locations":[{"start":{"line":4,"column":30},"end":{"line":4,"column":34}},{"start":{"line":4,"column":34},"end":{"line":4,"column":null}}],"line":4},"2":{"loc":{"start":{"line":8,"column":2},"end":{"line":10,"column":null}},"type":"if","locations":[{"start":{"line":8,"column":2},"end":{"line":10,"column":null}},{"start":{},"end":{}}],"line":8},"3":{"loc":{"start":{"line":11,"column":2},"end":{"line":13,"column":null}},"type":"if","locations":[{"start":{"line":11,"column":2},"end":{"line":13,"column":null}},{"start":{},"end":{}}],"line":11},"4":{"loc":{"start":{"line":11,"column":6},"end":{"line":11,"column":51}},"type":"binary-expr","locations":[{"start":{"line":11,"column":6},"end":{"line":11,"column":24}},{"start":{"line":11,"column":24},"end":{"line":11,"column":51}}],"line":11},"5":{"loc":{"start":{"line":14,"column":2},"end":{"line":16,"column":null}},"type":"if","locations":[{"start":{"line":14,"column":2},"end":{"line":16,"column":null}},{"start":{},"end":{}}],"line":14},"6":{"loc":{"start":{"line":17,"column":2},"end":{"line":19,"column":null}},"type":"if","locations":[{"start":{"line":17,"column":2},"end":{"line":19,"column":null}},{"start":{},"end":{}}],"line":17},"7":{"loc":{"start":{"line":20,"column":2},"end":{"line":24,"column":null}},"type":"if","locations":[{"start":{"line":20,"column":2},"end":{"line":24,"column":null}},{"start":{},"end":{}}],"line":20},"8":{"loc":{"start":{"line":25,"column":2},"end":{"line":30,"column":null}},"type":"if","locations":[{"start":{"line":25,"column":2},"end":{"line":30,"column":null}},{"start":{},"end":{}}],"line":25}},"s":{"0":9,"1":33,"2":1,"3":32,"4":20,"5":12,"6":3,"7":9,"8":1,"9":2,"10":8,"11":2,"12":5,"13":5,"14":6,"15":1,"16":2,"17":1,"18":1,"19":5,"20":3,"21":8,"22":5,"23":16},"f":{"0":9,"1":33,"2":2,"3":5,"4":5,"5":2,"6":1,"7":3,"8":8,"9":16},"b":{"0":[6,3],"1":[2,1],"2":[1,32],"3":[20,12],"4":[32,32],"5":[3,9],"6":[1,8],"7":[2,6],"8":[1,5]},"meta":{"lastBranch":9,"lastFunction":10,"lastStatement":24,"seen":{"f:3:9:3:21":0,"s:4:2:4:Infinity":0,"b:4:17:4:22:4:22:4:Infinity":0,"b:4:30:4:34:4:34:4:Infinity":1,"f:7:9:7:19":1,"b:8:2:10:Infinity:undefined:undefined:undefined:undefined":2,"s:8:2:10:Infinity":1,"s:9:4:9:Infinity":2,"b:11:2:13:Infinity:undefined:undefined:undefined:undefined":3,"s:11:2:13:Infinity":3,"b:11:6:11:24:11:24:11:51":4,"s:12:4:12:Infinity":4,"b:14:2:16:Infinity:undefined:undefined:undefined:undefined":5,"s:14:2:16:Infinity":5,"s:15:4:15:Infinity":6,"b:17:2:19:Infinity:undefined:undefined:undefined:undefined":6,"s:17:2:19:Infinity":7,"s:18:4:18:Infinity":8,"f:18:17:18:22":2,"s:18:31:18:46":9,"b:20:2:24:Infinity:undefined:undefined:undefined:undefined":7,"s:20:2:24:Infinity":10,"s:21:4:23:Infinity":11,"f:22:7:22:12":3,"s:22:21:22:36":12,"f:23:7:23:13":4,"s:23:22:23:73":13,"b:25:2:30:Infinity:undefined:undefined:undefined:undefined":8,"s:25:2:30:Infinity":14,"s:26:20:28:Infinity":15,"f:27:7:27:12":5,"s:27:28:27:79":16,"f:28:7:28:13":6,"s:28:22:28:45":17,"s:29:4:29:Infinity":18,"s:31:18:33:Infinity":19,"f:32:5:32:11":7,"s:32:24:32:41":20,"f:33:5:33:10":8,"s:33:26:33:69":21,"s:34:2:34:Infinity":22,"f:37:16:37:32":9,"s:38:2:38:Infinity":23},"fnNames":{}}}
,"/home/minjian/develop/bizs/bms/frontend/src/utils/status.ts": {"path":"/home/minjian/develop/bizs/bms/frontend/src/utils/status.ts","statementMap":{"0":{"start":{"line":3,"column":28},"end":{"line":6,"column":null}},"1":{"start":{"line":11,"column":2},"end":{"line":11,"column":null}}},"fnMap":{"0":{"name":"entityStatusI18nKey","decl":{"start":{"line":10,"column":16},"end":{"line":10,"column":36}},"loc":{"start":{"line":10,"column":60},"end":{"line":12,"column":null}},"line":10}},"branchMap":{"0":{"loc":{"start":{"line":11,"column":9},"end":{"line":11,"column":null}},"type":"cond-expr","locations":[{"start":{"line":11,"column":43},"end":{"line":11,"column":62}},{"start":{"line":11,"column":62},"end":{"line":11,"column":null}}],"line":11}},"s":{"0":1,"1":3},"f":{"0":3},"b":{"0":[1,2]},"meta":{"lastBranch":1,"lastFunction":1,"lastStatement":2,"seen":{"s:3:28:6:Infinity":0,"f:10:16:10:36":0,"s:11:2:11:Infinity":1,"b:11:43:11:62:11:62:11:Infinity":0},"fnNames":{}}}
,"/home/minjian/develop/bizs/bms/frontend/src/utils/useListPage.ts": {"path":"/home/minjian/develop/bizs/bms/frontend/src/utils/useListPage.ts","statementMap":{"0":{"start":{"line":26,"column":16},"end":{"line":26,"column":null}},"1":{"start":{"line":27,"column":18},"end":{"line":27,"column":null}},"2":{"start":{"line":27,"column":57},"end":{"line":27,"column":86}},"3":{"start":{"line":28,"column":15},"end":{"line":28,"column":null}},"4":{"start":{"line":28,"column":30},"end":{"line":28,"column":60}},"5":{"start":{"line":29,"column":16},"end":{"line":29,"column":null}},"6":{"start":{"line":29,"column":31},"end":{"line":29,"column":61}},"7":{"start":{"line":32,"column":4},"end":{"line":32,"column":null}},"8":{"start":{"line":33,"column":4},"end":{"line":33,"column":null}},"9":{"start":{"line":37,"column":4},"end":{"line":37,"column":null}},"10":{"start":{"line":38,"column":4},"end":{"line":38,"column":null}},"11":{"start":{"line":42,"column":4},"end":{"line":42,"column":null}},"12":{"start":{"line":43,"column":4},"end":{"line":43,"column":null}},"13":{"start":{"line":46,"column":2},"end":{"line":46,"column":null}}},"fnMap":{"0":{"name":"useListPage","decl":{"start":{"line":23,"column":16},"end":{"line":23,"column":null}},"loc":{"start":{"line":25,"column":36},"end":{"line":47,"column":null}},"line":25},"1":{"name":"(anonymous_1)","decl":{"start":{"line":27,"column":18},"end":{"line":27,"column":57}},"loc":{"start":{"line":27,"column":57},"end":{"line":27,"column":86}},"line":27},"2":{"name":"(anonymous_2)","decl":{"start":{"line":28,"column":15},"end":{"line":28,"column":30}},"loc":{"start":{"line":28,"column":30},"end":{"line":28,"column":60}},"line":28},"3":{"name":"(anonymous_3)","decl":{"start":{"line":29,"column":16},"end":{"line":29,"column":31}},"loc":{"start":{"line":29,"column":31},"end":{"line":29,"column":61}},"line":29},"4":{"name":"search","decl":{"start":{"line":31,"column":17},"end":{"line":31,"column":64}},"loc":{"start":{"line":31,"column":64},"end":{"line":34,"column":null}},"line":31},"5":{"name":"reset","decl":{"start":{"line":36,"column":17},"end":{"line":36,"column":63}},"loc":{"start":{"line":36,"column":63},"end":{"line":39,"column":null}},"line":36},"6":{"name":"changePage","decl":{"start":{"line":41,"column":17},"end":{"line":41,"column":28}},"loc":{"start":{"line":41,"column":80},"end":{"line":44,"column":null}},"line":41}},"branchMap":{"0":{"loc":{"start":{"line":28,"column":30},"end":{"line":28,"column":60}},"type":"binary-expr","locations":[{"start":{"line":28,"column":30},"end":{"line":28,"column":58}},{"start":{"line":28,"column":58},"end":{"line":28,"column":60}}],"line":28},"1":{"loc":{"start":{"line":29,"column":31},"end":{"line":29,"column":61}},"type":"binary-expr","locations":[{"start":{"line":29,"column":31},"end":{"line":29,"column":60}},{"start":{"line":29,"column":60},"end":{"line":29,"column":61}}],"line":29}},"s":{"0":1,"1":1,"2":5,"3":1,"4":2,"5":1,"6":2,"7":2,"8":2,"9":1,"10":1,"11":1,"12":1,"13":1},"f":{"0":1,"1":5,"2":2,"3":2,"4":2,"5":1,"6":1},"b":{"0":[2,1],"1":[2,1]},"meta":{"lastBranch":2,"lastFunction":7,"lastStatement":14,"seen":{"f:23:16:23:Infinity":0,"s:26:16:26:Infinity":0,"s:27:18:27:Infinity":1,"f:27:18:27:57":1,"s:27:57:27:86":2,"s:28:15:28:Infinity":3,"f:28:15:28:30":2,"s:28:30:28:60":4,"b:28:30:28:58:28:58:28:60":0,"s:29:16:29:Infinity":5,"f:29:16:29:31":3,"s:29:31:29:61":6,"b:29:31:29:60:29:60:29:61":1,"f:31:17:31:64":4,"s:32:4:32:Infinity":7,"s:33:4:33:Infinity":8,"f:36:17:36:63":5,"s:37:4:37:Infinity":9,"s:38:4:38:Infinity":10,"f:41:17:41:28":6,"s:42:4:42:Infinity":11,"s:43:4:43:Infinity":12,"s:46:2:46:Infinity":13},"fnNames":{}}}
,"/home/minjian/develop/bizs/bms/frontend/src/utils/useRequest.ts": {"path":"/home/minjian/develop/bizs/bms/frontend/src/utils/useRequest.ts","statementMap":{"0":{"start":{"line":18,"column":15},"end":{"line":18,"column":null}},"1":{"start":{"line":19,"column":18},"end":{"line":19,"column":null}},"2":{"start":{"line":20,"column":16},"end":{"line":20,"column":null}},"3":{"start":{"line":21,"column":17},"end":{"line":21,"column":null}},"4":{"start":{"line":24,"column":20},"end":{"line":24,"column":null}},"5":{"start":{"line":25,"column":4},"end":{"line":25,"column":null}},"6":{"start":{"line":26,"column":4},"end":{"line":26,"column":null}},"7":{"start":{"line":27,"column":4},"end":{"line":44,"column":null}},"8":{"start":{"line":28,"column":21},"end":{"line":28,"column":null}},"9":{"start":{"line":29,"column":6},"end":{"line":32,"column":null}},"10":{"start":{"line":30,"column":8},"end":{"line":30,"column":null}},"11":{"start":{"line":31,"column":8},"end":{"line":31,"column":null}},"12":{"start":{"line":33,"column":6},"end":{"line":33,"column":null}},"13":{"start":{"line":35,"column":6},"end":{"line":38,"column":null}},"14":{"start":{"line":36,"column":8},"end":{"line":36,"column":null}},"15":{"start":{"line":37,"column":8},"end":{"line":37,"column":null}},"16":{"start":{"line":39,"column":6},"end":{"line":39,"column":null}},"17":{"start":{"line":41,"column":6},"end":{"line":43,"column":null}},"18":{"start":{"line":42,"column":8},"end":{"line":42,"column":null}},"19":{"start":{"line":47,"column":2},"end":{"line":47,"column":null}}},"fnMap":{"0":{"name":"useRequest","decl":{"start":{"line":17,"column":16},"end":{"line":17,"column":30}},"loc":{"start":{"line":17,"column":114},"end":{"line":48,"column":null}},"line":17},"1":{"name":"run","decl":{"start":{"line":23,"column":17},"end":{"line":23,"column":42}},"loc":{"start":{"line":23,"column":42},"end":{"line":45,"column":null}},"line":23}},"branchMap":{"0":{"loc":{"start":{"line":17,"column":57},"end":{"line":17,"column":114}},"type":"default-arg","locations":[{"start":{"line":17,"column":89},"end":{"line":17,"column":114}}],"line":17},"1":{"loc":{"start":{"line":29,"column":6},"end":{"line":32,"column":null}},"type":"if","locations":[{"start":{"line":29,"column":6},"end":{"line":32,"column":null}},{"start":{},"end":{}}],"line":29},"2":{"loc":{"start":{"line":35,"column":6},"end":{"line":38,"column":null}},"type":"if","locations":[{"start":{"line":35,"column":6},"end":{"line":38,"column":null}},{"start":{},"end":{}}],"line":35},"3":{"loc":{"start":{"line":41,"column":6},"end":{"line":43,"column":null}},"type":"if","locations":[{"start":{"line":41,"column":6},"end":{"line":43,"column":null}},{"start":{},"end":{}}],"line":41}},"s":{"0":4,"1":4,"2":4,"3":4,"4":11,"5":11,"6":11,"7":11,"8":11,"9":8,"10":7,"11":7,"12":8,"13":2,"14":1,"15":1,"16":2,"17":10,"18":8,"19":4},"f":{"0":4,"1":11},"b":{"0":[4],"1":[7,1],"2":[1,1],"3":[8,2]},"meta":{"lastBranch":4,"lastFunction":2,"lastStatement":20,"seen":{"f:17:16:17:30":0,"b:17:89:17:114":0,"s:18:15:18:Infinity":0,"s:19:18:19:Infinity":1,"s:20:16:20:Infinity":2,"s:21:17:21:Infinity":3,"f:23:17:23:42":1,"s:24:20:24:Infinity":4,"s:25:4:25:Infinity":5,"s:26:4:26:Infinity":6,"s:27:4:44:Infinity":7,"s:28:21:28:Infinity":8,"b:29:6:32:Infinity:undefined:undefined:undefined:undefined":1,"s:29:6:32:Infinity":9,"s:30:8:30:Infinity":10,"s:31:8:31:Infinity":11,"s:33:6:33:Infinity":12,"b:35:6:38:Infinity:undefined:undefined:undefined:undefined":2,"s:35:6:38:Infinity":13,"s:36:8:36:Infinity":14,"s:37:8:37:Infinity":15,"s:39:6:39:Infinity":16,"b:41:6:43:Infinity:undefined:undefined:undefined:undefined":3,"s:41:6:43:Infinity":17,"s:42:8:42:Infinity":18,"s:47:2:47:Infinity":19},"fnNames":{}}}
,"/home/minjian/develop/bizs/bms/frontend/src/utils/useTabs.ts": {"path":"/home/minjian/develop/bizs/bms/frontend/src/utils/useTabs.ts","statementMap":{"0":{"start":{"line":10,"column":32},"end":{"line":10,"column":null}},"1":{"start":{"line":13,"column":29},"end":{"line":13,"column":null}},"2":{"start":{"line":15,"column":13},"end":{"line":15,"column":null}},"3":{"start":{"line":16,"column":15},"end":{"line":16,"column":null}},"4":{"start":{"line":19,"column":2},"end":{"line":19,"column":null}},"5":{"start":{"line":24,"column":4},"end":{"line":24,"column":null}},"6":{"start":{"line":25,"column":4},"end":{"line":25,"column":null}},"7":{"start":{"line":29,"column":4},"end":{"line":31,"column":null}},"8":{"start":{"line":30,"column":6},"end":{"line":30,"column":null}},"9":{"start":{"line":32,"column":4},"end":{"line":35,"column":null}},"10":{"start":{"line":32,"column":34},"end":{"line":32,"column":51}},"11":{"start":{"line":33,"column":6},"end":{"line":33,"column":null}},"12":{"start":{"line":34,"column":6},"end":{"line":34,"column":null}},"13":{"start":{"line":36,"column":4},"end":{"line":36,"column":null}},"14":{"start":{"line":40,"column":4},"end":{"line":40,"column":null}},"15":{"start":{"line":40,"column":44},"end":{"line":40,"column":61}},"16":{"start":{"line":41,"column":4},"end":{"line":41,"column":null}},"17":{"start":{"line":42,"column":4},"end":{"line":49,"column":null}},"18":{"start":{"line":43,"column":19},"end":{"line":43,"column":null}},"19":{"start":{"line":44,"column":6},"end":{"line":48,"column":null}},"20":{"start":{"line":45,"column":8},"end":{"line":45,"column":null}},"21":{"start":{"line":47,"column":8},"end":{"line":47,"column":null}},"22":{"start":{"line":53,"column":16},"end":{"line":53,"column":null}},"23":{"start":{"line":54,"column":4},"end":{"line":56,"column":null}},"24":{"start":{"line":55,"column":6},"end":{"line":55,"column":null}},"25":{"start":{"line":57,"column":4},"end":{"line":61,"column":null}},"26":{"start":{"line":58,"column":6},"end":{"line":58,"column":null}},"27":{"start":{"line":60,"column":6},"end":{"line":60,"column":null}},"28":{"start":{"line":64,"column":2},"end":{"line":64,"column":null}}},"fnMap":{"0":{"name":"persist","decl":{"start":{"line":18,"column":9},"end":{"line":18,"column":25}},"loc":{"start":{"line":18,"column":25},"end":{"line":20,"column":null}},"line":18},"1":{"name":"useTabs","decl":{"start":{"line":22,"column":16},"end":{"line":22,"column":24}},"loc":{"start":{"line":22,"column":77},"end":{"line":65,"column":null}},"line":22},"2":{"name":"activate","decl":{"start":{"line":23,"column":11},"end":{"line":23,"column":20}},"loc":{"start":{"line":23,"column":40},"end":{"line":26,"column":null}},"line":23},"3":{"name":"openTab","decl":{"start":{"line":28,"column":11},"end":{"line":28,"column":19}},"loc":{"start":{"line":28,"column":54},"end":{"line":37,"column":null}},"line":28},"4":{"name":"(anonymous_4)","decl":{"start":{"line":32,"column":20},"end":{"line":32,"column":26}},"loc":{"start":{"line":32,"column":34},"end":{"line":32,"column":51}},"line":32},"5":{"name":"closeTab","decl":{"start":{"line":39,"column":11},"end":{"line":39,"column":20}},"loc":{"start":{"line":39,"column":40},"end":{"line":50,"column":null}},"line":39},"6":{"name":"(anonymous_6)","decl":{"start":{"line":40,"column":28},"end":{"line":40,"column":36}},"loc":{"start":{"line":40,"column":44},"end":{"line":40,"column":61}},"line":40},"7":{"name":"restore","decl":{"start":{"line":52,"column":11},"end":{"line":52,"column":27}},"loc":{"start":{"line":52,"column":27},"end":{"line":62,"column":null}},"line":52}},"branchMap":{"0":{"loc":{"start":{"line":22,"column":24},"end":{"line":22,"column":77}},"type":"default-arg","locations":[{"start":{"line":22,"column":73},"end":{"line":22,"column":77}}],"line":22},"1":{"loc":{"start":{"line":29,"column":4},"end":{"line":31,"column":null}},"type":"if","locations":[{"start":{"line":29,"column":4},"end":{"line":31,"column":null}},{"start":{},"end":{}}],"line":29},"2":{"loc":{"start":{"line":32,"column":4},"end":{"line":35,"column":null}},"type":"if","locations":[{"start":{"line":32,"column":4},"end":{"line":35,"column":null}},{"start":{},"end":{}}],"line":32},"3":{"loc":{"start":{"line":42,"column":4},"end":{"line":49,"column":null}},"type":"if","locations":[{"start":{"line":42,"column":4},"end":{"line":49,"column":null}},{"start":{},"end":{}}],"line":42},"4":{"loc":{"start":{"line":44,"column":6},"end":{"line":48,"column":null}},"type":"if","locations":[{"start":{"line":44,"column":6},"end":{"line":48,"column":null}},{"start":{"line":46,"column":13},"end":{"line":48,"column":null}}],"line":44},"5":{"loc":{"start":{"line":54,"column":4},"end":{"line":56,"column":null}},"type":"if","locations":[{"start":{"line":54,"column":4},"end":{"line":56,"column":null}},{"start":{},"end":{}}],"line":54}},"s":{"0":1,"1":1,"2":1,"3":1,"4":6,"5":6,"6":6,"7":5,"8":1,"9":4,"10":3,"11":3,"12":3,"13":4,"14":3,"15":5,"16":3,"17":3,"18":2,"19":2,"20":1,"21":1,"22":4,"23":4,"24":2,"25":2,"26":2,"27":1,"28":2},"f":{"0":6,"1":2,"2":6,"3":5,"4":3,"5":3,"6":5,"7":4},"b":{"0":[2],"1":[1,4],"2":[3,1],"3":[2,1],"4":[1,1],"5":[2,2]},"meta":{"lastBranch":6,"lastFunction":8,"lastStatement":29,"seen":{"s:10:32:10:Infinity":0,"s:13:29:13:Infinity":1,"s:15:13:15:Infinity":2,"s:16:15:16:Infinity":3,"f:18:9:18:25":0,"s:19:2:19:Infinity":4,"f:22:16:22:24":1,"b:22:73:22:77":0,"f:23:11:23:20":2,"s:24:4:24:Infinity":5,"s:25:4:25:Infinity":6,"f:28:11:28:19":3,"b:29:4:31:Infinity:undefined:undefined:undefined:undefined":1,"s:29:4:31:Infinity":7,"s:30:6:30:Infinity":8,"b:32:4:35:Infinity:undefined:undefined:undefined:undefined":2,"s:32:4:35:Infinity":9,"f:32:20:32:26":4,"s:32:34:32:51":10,"s:33:6:33:Infinity":11,"s:34:6:34:Infinity":12,"s:36:4:36:Infinity":13,"f:39:11:39:20":5,"s:40:4:40:Infinity":14,"f:40:28:40:36":6,"s:40:44:40:61":15,"s:41:4:41:Infinity":16,"b:42:4:49:Infinity:undefined:undefined:undefined:undefined":3,"s:42:4:49:Infinity":17,"s:43:19:43:Infinity":18,"b:44:6:48:Infinity:46:13:48:Infinity":4,"s:44:6:48:Infinity":19,"s:45:8:45:Infinity":20,"s:47:8:47:Infinity":21,"f:52:11:52:27":7,"s:53:16:53:Infinity":22,"b:54:4:56:Infinity:undefined:undefined:undefined:undefined":5,"s:54:4:56:Infinity":23,"s:55:6:55:Infinity":24,"s:57:4:61:Infinity":25,"s:58:6:58:Infinity":26,"s:60:6:60:Infinity":27,"s:64:2:64:Infinity":28},"fnNames":{}}}
,"/home/minjian/develop/bizs/bms/frontend/src/utils/validators.ts": {"path":"/home/minjian/develop/bizs/bms/frontend/src/utils/validators.ts","statementMap":{"0":{"start":{"line":3,"column":17},"end":{"line":3,"column":null}},"1":{"start":{"line":4,"column":17},"end":{"line":4,"column":null}},"2":{"start":{"line":5,"column":19},"end":{"line":5,"column":null}},"3":{"start":{"line":6,"column":15},"end":{"line":6,"column":null}},"4":{"start":{"line":9,"column":2},"end":{"line":9,"column":null}},"5":{"start":{"line":13,"column":2},"end":{"line":13,"column":null}},"6":{"start":{"line":17,"column":2},"end":{"line":17,"column":null}},"7":{"start":{"line":21,"column":2},"end":{"line":21,"column":null}},"8":{"start":{"line":27,"column":16},"end":{"line":27,"column":null}},"9":{"start":{"line":28,"column":2},"end":{"line":28,"column":null}},"10":{"start":{"line":28,"column":27},"end":{"line":28,"column":null}},"11":{"start":{"line":29,"column":2},"end":{"line":29,"column":null}},"12":{"start":{"line":29,"column":27},"end":{"line":29,"column":null}},"13":{"start":{"line":30,"column":2},"end":{"line":30,"column":null}},"14":{"start":{"line":30,"column":24},"end":{"line":30,"column":null}},"15":{"start":{"line":31,"column":2},"end":{"line":31,"column":null}},"16":{"start":{"line":31,"column":34},"end":{"line":31,"column":null}},"17":{"start":{"line":32,"column":2},"end":{"line":34,"column":null}},"18":{"start":{"line":33,"column":4},"end":{"line":33,"column":null}},"19":{"start":{"line":35,"column":2},"end":{"line":37,"column":null}},"20":{"start":{"line":36,"column":4},"end":{"line":36,"column":null}},"21":{"start":{"line":38,"column":2},"end":{"line":38,"column":null}},"22":{"start":{"line":49,"column":2},"end":{"line":49,"column":null}},"23":{"start":{"line":53,"column":2},"end":{"line":53,"column":null}}},"fnMap":{"0":{"name":"isPhone","decl":{"start":{"line":8,"column":16},"end":{"line":8,"column":24}},"loc":{"start":{"line":8,"column":48},"end":{"line":10,"column":null}},"line":8},"1":{"name":"isEmail","decl":{"start":{"line":12,"column":16},"end":{"line":12,"column":24}},"loc":{"start":{"line":12,"column":48},"end":{"line":14,"column":null}},"line":12},"2":{"name":"isIdCard","decl":{"start":{"line":16,"column":16},"end":{"line":16,"column":25}},"loc":{"start":{"line":16,"column":49},"end":{"line":18,"column":null}},"line":16},"3":{"name":"isUrl","decl":{"start":{"line":20,"column":16},"end":{"line":20,"column":22}},"loc":{"start":{"line":20,"column":46},"end":{"line":22,"column":null}},"line":20},"4":{"name":"passwordStrength","decl":{"start":{"line":26,"column":16},"end":{"line":26,"column":33}},"loc":{"start":{"line":26,"column":66},"end":{"line":39,"column":null}},"line":26},"5":{"name":"required","decl":{"start":{"line":48,"column":16},"end":{"line":48,"column":25}},"loc":{"start":{"line":48,"column":53},"end":{"line":50,"column":null}},"line":48},"6":{"name":"pattern","decl":{"start":{"line":52,"column":16},"end":{"line":52,"column":24}},"loc":{"start":{"line":52,"column":68},"end":{"line":54,"column":null}},"line":52}},"branchMap":{"0":{"loc":{"start":{"line":28,"column":2},"end":{"line":28,"column":null}},"type":"if","locations":[{"start":{"line":28,"column":2},"end":{"line":28,"column":null}},{"start":{},"end":{}}],"line":28},"1":{"loc":{"start":{"line":29,"column":2},"end":{"line":29,"column":null}},"type":"if","locations":[{"start":{"line":29,"column":2},"end":{"line":29,"column":null}},{"start":{},"end":{}}],"line":29},"2":{"loc":{"start":{"line":30,"column":2},"end":{"line":30,"column":null}},"type":"if","locations":[{"start":{"line":30,"column":2},"end":{"line":30,"column":null}},{"start":{},"end":{}}],"line":30},"3":{"loc":{"start":{"line":31,"column":2},"end":{"line":31,"column":null}},"type":"if","locations":[{"start":{"line":31,"column":2},"end":{"line":31,"column":null}},{"start":{},"end":{}}],"line":31},"4":{"loc":{"start":{"line":32,"column":2},"end":{"line":34,"column":null}},"type":"if","locations":[{"start":{"line":32,"column":2},"end":{"line":34,"column":null}},{"start":{},"end":{}}],"line":32},"5":{"loc":{"start":{"line":32,"column":6},"end":{"line":32,"column":42}},"type":"binary-expr","locations":[{"start":{"line":32,"column":6},"end":{"line":32,"column":28}},{"start":{"line":32,"column":28},"end":{"line":32,"column":42}}],"line":32},"6":{"loc":{"start":{"line":35,"column":2},"end":{"line":37,"column":null}},"type":"if","locations":[{"start":{"line":35,"column":2},"end":{"line":37,"column":null}},{"start":{},"end":{}}],"line":35},"7":{"loc":{"start":{"line":35,"column":6},"end":{"line":35,"column":41}},"type":"binary-expr","locations":[{"start":{"line":35,"column":6},"end":{"line":35,"column":27}},{"start":{"line":35,"column":27},"end":{"line":35,"column":41}}],"line":35},"8":{"loc":{"start":{"line":48,"column":25},"end":{"line":48,"column":53}},"type":"default-arg","locations":[{"start":{"line":48,"column":35},"end":{"line":48,"column":53}}],"line":48}},"s":{"0":1,"1":1,"2":1,"3":1,"4":2,"5":2,"6":2,"7":2,"8":7,"9":7,"10":6,"11":7,"12":2,"13":7,"14":4,"15":7,"16":2,"17":7,"18":2,"19":5,"20":2,"21":3,"22":1,"23":1},"f":{"0":2,"1":2,"2":2,"3":2,"4":7,"5":1,"6":1},"b":{"0":[6,1],"1":[2,5],"2":[4,3],"3":[2,5],"4":[2,5],"5":[7,4],"6":[2,3],"7":[5,4],"8":[1]},"meta":{"lastBranch":9,"lastFunction":7,"lastStatement":24,"seen":{"s:3:17:3:Infinity":0,"s:4:17:4:Infinity":1,"s:5:19:5:Infinity":2,"s:6:15:6:Infinity":3,"f:8:16:8:24":0,"s:9:2:9:Infinity":4,"f:12:16:12:24":1,"s:13:2:13:Infinity":5,"f:16:16:16:25":2,"s:17:2:17:Infinity":6,"f:20:16:20:22":3,"s:21:2:21:Infinity":7,"f:26:16:26:33":4,"s:27:16:27:Infinity":8,"b:28:2:28:Infinity:undefined:undefined:undefined:undefined":0,"s:28:2:28:Infinity":9,"s:28:27:28:Infinity":10,"b:29:2:29:Infinity:undefined:undefined:undefined:undefined":1,"s:29:2:29:Infinity":11,"s:29:27:29:Infinity":12,"b:30:2:30:Infinity:undefined:undefined:undefined:undefined":2,"s:30:2:30:Infinity":13,"s:30:24:30:Infinity":14,"b:31:2:31:Infinity:undefined:undefined:undefined:undefined":3,"s:31:2:31:Infinity":15,"s:31:34:31:Infinity":16,"b:32:2:34:Infinity:undefined:undefined:undefined:undefined":4,"s:32:2:34:Infinity":17,"b:32:6:32:28:32:28:32:42":5,"s:33:4:33:Infinity":18,"b:35:2:37:Infinity:undefined:undefined:undefined:undefined":6,"s:35:2:37:Infinity":19,"b:35:6:35:27:35:27:35:41":7,"s:36:4:36:Infinity":20,"s:38:2:38:Infinity":21,"f:48:16:48:25":5,"b:48:35:48:53":8,"s:49:2:49:Infinity":22,"f:52:16:52:24":6,"s:53:2:53:Infinity":23},"fnNames":{}}}
,"/home/minjian/develop/bizs/bms/frontend/src/views/HomeView.vue": {"path":"/home/minjian/develop/bizs/bms/frontend/src/views/HomeView.vue","statementMap":{"0":{"start":{"line":7,"column":14},"end":{"line":7,"column":22}},"1":{"start":{"line":8,"column":13},"end":{"line":8,"column":null}},"2":{"start":{"line":9,"column":16},"end":{"line":9,"column":null}},"3":{"start":{"line":10,"column":18},"end":{"line":10,"column":null}},"4":{"start":{"line":12,"column":0},"end":{"line":21,"column":null}},"5":{"start":{"line":13,"column":2},"end":{"line":20,"column":null}},"6":{"start":{"line":14,"column":17},"end":{"line":14,"column":36}},"7":{"start":{"line":15,"column":4},"end":{"line":15,"column":null}},"8":{"start":{"line":16,"column":4},"end":{"line":16,"column":null}},"9":{"start":{"line":17,"column":4},"end":{"line":17,"column":null}},"10":{"start":{"line":19,"column":4},"end":{"line":19,"column":null}},"11":{"start":{"line":25,"column":8},"end":{"line":25,"column":null}},"12":{"start":{"line":25,"column":2},"end":{"line":28,"column":47}}},"fnMap":{"0":{"name":"(anonymous_0)","decl":{"start":{"line":12,"column":10},"end":{"line":12,"column":22}},"loc":{"start":{"line":12,"column":22},"end":{"line":21,"column":1}},"line":12}},"branchMap":{"0":{"loc":{"start":{"line":27,"column":13},"end":{"line":28,"column":47}},"type":"cond-expr","locations":[{"start":{"line":27,"column":4},"end":{"line":27,"column":75}},{"start":{"line":28,"column":4},"end":{"line":28,"column":47}}],"line":27}},"s":{"0":2,"1":2,"2":2,"3":2,"4":2,"5":2,"6":2,"7":1,"8":1,"9":1,"10":1,"11":1,"12":3},"f":{"0":2},"b":{"0":[1,2]},"meta":{"lastBranch":1,"lastFunction":1,"lastStatement":13,"seen":{"s:7:14:7:22":0,"s:8:13:8:Infinity":1,"s:9:16:9:Infinity":2,"s:10:18:10:Infinity":3,"s:12:0:21:Infinity":4,"f:12:10:12:22":0,"s:13:2:20:Infinity":5,"s:14:17:14:36":6,"s:15:4:15:Infinity":7,"s:16:4:16:Infinity":8,"s:17:4:17:Infinity":9,"s:19:4:19:Infinity":10,"s:25:8:25:Infinity":11,"s:25:2:28:47":12,"b:27:4:27:75:28:4:28:47":0},"fnNames":{}}}
,"/home/minjian/develop/bizs/bms/frontend/tests/helpers/mount.ts": {"path":"/home/minjian/develop/bizs/bms/frontend/tests/helpers/mount.ts","statementMap":{"0":{"start":{"line":14,"column":24},"end":{"line":14,"column":null}},"1":{"start":{"line":15,"column":18},"end":{"line":15,"column":null}},"2":{"start":{"line":16,"column":2},"end":{"line":16,"column":null}}},"fnMap":{"0":{"name":"mountWithPlugins","decl":{"start":{"line":10,"column":16},"end":{"line":10,"column":null}},"loc":{"start":{"line":13,"column":14},"end":{"line":17,"column":null}},"line":13}},"branchMap":{"0":{"loc":{"start":{"line":12,"column":2},"end":{"line":12,"column":null}},"type":"default-arg","locations":[{"start":{"line":12,"column":54},"end":{"line":12,"column":null}}],"line":12},"1":{"loc":{"start":{"line":14,"column":24},"end":{"line":14,"column":null}},"type":"binary-expr","locations":[{"start":{"line":14,"column":24},"end":{"line":14,"column":42}},{"start":{"line":14,"column":42},"end":{"line":14,"column":null}}],"line":14},"2":{"loc":{"start":{"line":15,"column":23},"end":{"line":15,"column":53}},"type":"binary-expr","locations":[{"start":{"line":15,"column":23},"end":{"line":15,"column":48}},{"start":{"line":15,"column":48},"end":{"line":15,"column":53}}],"line":15}},"s":{"0":2,"1":2,"2":2},"f":{"0":2},"b":{"0":[2],"1":[2,2],"2":[2,2]},"meta":{"lastBranch":3,"lastFunction":1,"lastStatement":3,"seen":{"f:10:16:10:Infinity":0,"b:12:54:12:Infinity":0,"s:14:24:14:Infinity":0,"b:14:24:14:42:14:42:14:Infinity":1,"s:15:18:15:Infinity":1,"b:15:23:15:48:15:48:15:53":2,"s:16:2:16:Infinity":2},"fnNames":{}}}
}
