{"/home/minjian/develop/bizs/bms/frontend-mobile/src/api/base.ts": {"path":"/home/minjian/develop/bizs/bms/frontend-mobile/src/api/base.ts","statementMap":{"0":{"start":{"line":11,"column":4},"end":{"line":11,"column":null}},"1":{"start":{"line":15,"column":4},"end":{"line":15,"column":null}},"2":{"start":{"line":19,"column":4},"end":{"line":19,"column":null}},"3":{"start":{"line":23,"column":4},"end":{"line":23,"column":null}},"4":{"start":{"line":27,"column":4},"end":{"line":27,"column":null}}},"fnMap":{"0":{"name":"constructor","decl":{"start":{"line":10,"column":2},"end":{"line":10,"column":14}},"loc":{"start":{"line":10,"column":32},"end":{"line":12,"column":null}},"line":10},"1":{"name":"get","decl":{"start":{"line":14,"column":2},"end":{"line":14,"column":12}},"loc":{"start":{"line":14,"column":70},"end":{"line":16,"column":null}},"line":14},"2":{"name":"post","decl":{"start":{"line":18,"column":2},"end":{"line":18,"column":12}},"loc":{"start":{"line":18,"column":87},"end":{"line":20,"column":null}},"line":18},"3":{"name":"put","decl":{"start":{"line":22,"column":2},"end":{"line":22,"column":12}},"loc":{"start":{"line":22,"column":86},"end":{"line":24,"column":null}},"line":22},"4":{"name":"delete","decl":{"start":{"line":26,"column":2},"end":{"line":26,"column":12}},"loc":{"start":{"line":26,"column":73},"end":{"line":28,"column":null}},"line":26}},"branchMap":{"0":{"loc":{"start":{"line":14,"column":19},"end":{"line":14,"column":29}},"type":"default-arg","locations":[{"start":{"line":14,"column":25},"end":{"line":14,"column":29}}],"line":14},"1":{"loc":{"start":{"line":18,"column":20},"end":{"line":18,"column":30}},"type":"default-arg","locations":[{"start":{"line":18,"column":26},"end":{"line":18,"column":30}}],"line":18},"2":{"loc":{"start":{"line":22,"column":19},"end":{"line":22,"column":29}},"type":"default-arg","locations":[{"start":{"line":22,"column":25},"end":{"line":22,"column":29}}],"line":22},"3":{"loc":{"start":{"line":26,"column":22},"end":{"line":26,"column":32}},"type":"default-arg","locations":[{"start":{"line":26,"column":28},"end":{"line":26,"column":32}}],"line":26}},"s":{"0":1,"1":1,"2":1,"3":1,"4":1},"f":{"0":1,"1":1,"2":1,"3":1,"4":1},"b":{"0":[1],"1":[1],"2":[1],"3":[1]},"meta":{"lastBranch":4,"lastFunction":5,"lastStatement":5,"seen":{"f:10:2:10:14":0,"s:11:4:11:Infinity":0,"f:14:2:14:12":1,"b:14:25:14:29":0,"s:15:4:15:Infinity":1,"f:18:2:18:12":2,"b:18:26:18:30":1,"s:19:4:19:Infinity":2,"f:22:2:22:12":3,"b:22:25:22:29":2,"s:23:4:23:Infinity":3,"f:26:2:26:12":4,"b:26:28:26:32":3,"s:27:4:27:Infinity":4},"fnNames":{}}}
,"/home/minjian/develop/bizs/bms/frontend-mobile/src/i18n/en-US.ts": {"path":"/home/minjian/develop/bizs/bms/frontend-mobile/src/i18n/en-US.ts","statementMap":{},"fnMap":{},"branchMap":{},"s":{},"f":{},"b":{},"meta":{"lastBranch":0,"lastFunction":0,"lastStatement":0,"seen":{},"fnNames":{}}}
,"/home/minjian/develop/bizs/bms/frontend-mobile/src/i18n/index.ts": {"path":"/home/minjian/develop/bizs/bms/frontend-mobile/src/i18n/index.ts","statementMap":{"0":{"start":{"line":6,"column":20},"end":{"line":14,"column":null}}},"fnMap":{},"branchMap":{},"s":{"0":1},"f":{},"b":{},"meta":{"lastBranch":0,"lastFunction":0,"lastStatement":1,"seen":{"s:6:20:14:Infinity":0},"fnNames":{}}}
,"/home/minjian/develop/bizs/bms/frontend-mobile/src/i18n/zh-CN.ts": {"path":"/home/minjian/develop/bizs/bms/frontend-mobile/src/i18n/zh-CN.ts","statementMap":{},"fnMap":{},"branchMap":{},"s":{},"f":{},"b":{},"meta":{"lastBranch":0,"lastFunction":0,"lastStatement":0,"seen":{},"fnNames":{}}}
,"/home/minjian/develop/bizs/bms/frontend-mobile/src/stores/base.ts": {"path":"/home/minjian/develop/bizs/bms/frontend-mobile/src/stores/base.ts","statementMap":{"0":{"start":{"line":21,"column":2},"end":{"line":56,"column":null}},"1":{"start":{"line":22,"column":17},"end":{"line":22,"column":null}},"2":{"start":{"line":23,"column":18},"end":{"line":23,"column":null}},"3":{"start":{"line":24,"column":20},"end":{"line":24,"column":null}},"4":{"start":{"line":27,"column":6},"end":{"line":27,"column":null}},"5":{"start":{"line":28,"column":6},"end":{"line":34,"column":null}},"6":{"start":{"line":29,"column":21},"end":{"line":29,"column":null}},"7":{"start":{"line":30,"column":8},"end":{"line":30,"column":null}},"8":{"start":{"line":31,"column":8},"end":{"line":31,"column":null}},"9":{"start":{"line":33,"column":8},"end":{"line":33,"column":null}},"10":{"start":{"line":38,"column":6},"end":{"line":38,"column":null}},"11":{"start":{"line":42,"column":6},"end":{"line":42,"column":null}},"12":{"start":{"line":46,"column":6},"end":{"line":46,"column":null}},"13":{"start":{"line":50,"column":6},"end":{"line":50,"column":null}},"14":{"start":{"line":51,"column":6},"end":{"line":51,"column":null}},"15":{"start":{"line":51,"column":47},"end":{"line":51,"column":61}},"16":{"start":{"line":52,"column":6},"end":{"line":52,"column":null}},"17":{"start":{"line":55,"column":4},"end":{"line":55,"column":null}}},"fnMap":{"0":{"name":"createCrudStore","decl":{"start":{"line":17,"column":16},"end":{"line":17,"column":null}},"loc":{"start":{"line":20,"column":2},"end":{"line":57,"column":null}},"line":20},"1":{"name":"(anonymous_1)","decl":{"start":{"line":21,"column":21},"end":{"line":21,"column":36}},"loc":{"start":{"line":21,"column":36},"end":{"line":56,"column":3}},"line":21},"2":{"name":"fetchList","decl":{"start":{"line":26,"column":19},"end":{"line":26,"column":29}},"loc":{"start":{"line":26,"column":58},"end":{"line":35,"column":null}},"line":26},"3":{"name":"fetchOne","decl":{"start":{"line":37,"column":19},"end":{"line":37,"column":28}},"loc":{"start":{"line":37,"column":57},"end":{"line":39,"column":null}},"line":37},"4":{"name":"create","decl":{"start":{"line":41,"column":19},"end":{"line":41,"column":26}},"loc":{"start":{"line":41,"column":74},"end":{"line":43,"column":null}},"line":41},"5":{"name":"update","decl":{"start":{"line":45,"column":19},"end":{"line":45,"column":26}},"loc":{"start":{"line":45,"column":86},"end":{"line":47,"column":null}},"line":45},"6":{"name":"remove","decl":{"start":{"line":49,"column":19},"end":{"line":49,"column":26}},"loc":{"start":{"line":49,"column":53},"end":{"line":53,"column":null}},"line":49},"7":{"name":"(anonymous_7)","decl":{"start":{"line":51,"column":30},"end":{"line":51,"column":38}},"loc":{"start":{"line":51,"column":47},"end":{"line":51,"column":61}},"line":51}},"branchMap":{},"s":{"0":1,"1":1,"2":1,"3":1,"4":1,"5":1,"6":1,"7":1,"8":1,"9":1,"10":1,"11":1,"12":1,"13":1,"14":1,"15":1,"16":1,"17":1},"f":{"0":1,"1":1,"2":1,"3":1,"4":1,"5":1,"6":1,"7":1},"b":{},"meta":{"lastBranch":0,"lastFunction":8,"lastStatement":18,"seen":{"f:17:16:17:Infinity":0,"s:21:2:56:Infinity":0,"f:21:21:21:36":1,"s:22:17:22:Infinity":1,"s:23:18:23:Infinity":2,"s:24:20:24:Infinity":3,"f:26:19:26:29":2,"s:27:6:27:Infinity":4,"s:28:6:34:Infinity":5,"s:29:21:29:Infinity":6,"s:30:8:30:Infinity":7,"s:31:8:31:Infinity":8,"s:33:8:33:Infinity":9,"f:37:19:37:28":3,"s:38:6:38:Infinity":10,"f:41:19:41:26":4,"s:42:6:42:Infinity":11,"f:45:19:45:26":5,"s:46:6:46:Infinity":12,"f:49:19:49:26":6,"s:50:6:50:Infinity":13,"s:51:6:51:Infinity":14,"f:51:30:51:38":7,"s:51:47:51:61":15,"s:52:6:52:Infinity":16,"s:55:4:55:Infinity":17},"fnNames":{}}}
,"/home/minjian/develop/bizs/bms/frontend-mobile/src/utils/serialize.ts": {"path":"/home/minjian/develop/bizs/bms/frontend-mobile/src/utils/serialize.ts","statementMap":{"0":{"start":{"line":4,"column":2},"end":{"line":4,"column":null}},"1":{"start":{"line":8,"column":2},"end":{"line":10,"column":null}},"2":{"start":{"line":9,"column":4},"end":{"line":9,"column":null}},"3":{"start":{"line":11,"column":2},"end":{"line":13,"column":null}},"4":{"start":{"line":12,"column":4},"end":{"line":12,"column":null}},"5":{"start":{"line":14,"column":2},"end":{"line":16,"column":null}},"6":{"start":{"line":15,"column":4},"end":{"line":15,"column":null}},"7":{"start":{"line":17,"column":2},"end":{"line":19,"column":null}},"8":{"start":{"line":18,"column":4},"end":{"line":18,"column":null}},"9":{"start":{"line":18,"column":31},"end":{"line":18,"column":46}},"10":{"start":{"line":20,"column":2},"end":{"line":24,"column":null}},"11":{"start":{"line":21,"column":4},"end":{"line":23,"column":null}},"12":{"start":{"line":22,"column":21},"end":{"line":22,"column":36}},"13":{"start":{"line":23,"column":22},"end":{"line":23,"column":73}},"14":{"start":{"line":25,"column":2},"end":{"line":30,"column":null}},"15":{"start":{"line":26,"column":20},"end":{"line":28,"column":null}},"16":{"start":{"line":27,"column":28},"end":{"line":27,"column":79}},"17":{"start":{"line":28,"column":22},"end":{"line":28,"column":45}},"18":{"start":{"line":29,"column":4},"end":{"line":29,"column":null}},"19":{"start":{"line":31,"column":18},"end":{"line":33,"column":null}},"20":{"start":{"line":32,"column":24},"end":{"line":32,"column":41}},"21":{"start":{"line":33,"column":26},"end":{"line":33,"column":69}},"22":{"start":{"line":34,"column":2},"end":{"line":34,"column":null}},"23":{"start":{"line":38,"column":2},"end":{"line":38,"column":null}}},"fnMap":{"0":{"name":"compareKeys","decl":{"start":{"line":3,"column":9},"end":{"line":3,"column":21}},"loc":{"start":{"line":3,"column":51},"end":{"line":5,"column":null}},"line":3},"1":{"name":"normalize","decl":{"start":{"line":7,"column":9},"end":{"line":7,"column":19}},"loc":{"start":{"line":7,"column":44},"end":{"line":35,"column":null}},"line":7},"2":{"name":"(anonymous_2)","decl":{"start":{"line":18,"column":17},"end":{"line":18,"column":22}},"loc":{"start":{"line":18,"column":31},"end":{"line":18,"column":46}},"line":18},"3":{"name":"(anonymous_3)","decl":{"start":{"line":22,"column":7},"end":{"line":22,"column":12}},"loc":{"start":{"line":22,"column":21},"end":{"line":22,"column":36}},"line":22},"4":{"name":"(anonymous_4)","decl":{"start":{"line":23,"column":7},"end":{"line":23,"column":13}},"loc":{"start":{"line":23,"column":22},"end":{"line":23,"column":73}},"line":23},"5":{"name":"(anonymous_5)","decl":{"start":{"line":27,"column":7},"end":{"line":27,"column":12}},"loc":{"start":{"line":27,"column":28},"end":{"line":27,"column":79}},"line":27},"6":{"name":"(anonymous_6)","decl":{"start":{"line":28,"column":7},"end":{"line":28,"column":13}},"loc":{"start":{"line":28,"column":22},"end":{"line":28,"column":45}},"line":28},"7":{"name":"(anonymous_7)","decl":{"start":{"line":32,"column":5},"end":{"line":32,"column":11}},"loc":{"start":{"line":32,"column":24},"end":{"line":32,"column":41}},"line":32},"8":{"name":"(anonymous_8)","decl":{"start":{"line":33,"column":5},"end":{"line":33,"column":10}},"loc":{"start":{"line":33,"column":26},"end":{"line":33,"column":69}},"line":33},"9":{"name":"stableStringify","decl":{"start":{"line":37,"column":16},"end":{"line":37,"column":32}},"loc":{"start":{"line":37,"column":56},"end":{"line":39,"column":null}},"line":37}},"branchMap":{"0":{"loc":{"start":{"line":4,"column":9},"end":{"line":4,"column":null}},"type":"cond-expr","locations":[{"start":{"line":4,"column":17},"end":{"line":4,"column":22}},{"start":{"line":4,"column":22},"end":{"line":4,"column":null}}],"line":4},"1":{"loc":{"start":{"line":4,"column":22},"end":{"line":4,"column":null}},"type":"cond-expr","locations":[{"start":{"line":4,"column":30},"end":{"line":4,"column":34}},{"start":{"line":4,"column":34},"end":{"line":4,"column":null}}],"line":4},"2":{"loc":{"start":{"line":8,"column":2},"end":{"line":10,"column":null}},"type":"if","locations":[{"start":{"line":8,"column":2},"end":{"line":10,"column":null}},{"start":{},"end":{}}],"line":8},"3":{"loc":{"start":{"line":11,"column":2},"end":{"line":13,"column":null}},"type":"if","locations":[{"start":{"line":11,"column":2},"end":{"line":13,"column":null}},{"start":{},"end":{}}],"line":11},"4":{"loc":{"start":{"line":11,"column":6},"end":{"line":11,"column":51}},"type":"binary-expr","locations":[{"start":{"line":11,"column":6},"end":{"line":11,"column":24}},{"start":{"line":11,"column":24},"end":{"line":11,"column":51}}],"line":11},"5":{"loc":{"start":{"line":14,"column":2},"end":{"line":16,"column":null}},"type":"if","locations":[{"start":{"line":14,"column":2},"end":{"line":16,"column":null}},{"start":{},"end":{}}],"line":14},"6":{"loc":{"start":{"line":17,"column":2},"end":{"line":19,"column":null}},"type":"if","locations":[{"start":{"line":17,"column":2},"end":{"line":19,"column":null}},{"start":{},"end":{}}],"line":17},"7":{"loc":{"start":{"line":20,"column":2},"end":{"line":24,"column":null}},"type":"if","locations":[{"start":{"line":20,"column":2},"end":{"line":24,"column":null}},{"start":{},"end":{}}],"line":20},"8":{"loc":{"start":{"line":25,"column":2},"end":{"line":30,"column":null}},"type":"if","locations":[{"start":{"line":25,"column":2},"end":{"line":30,"column":null}},{"start":{},"end":{}}],"line":25}},"s":{"0":9,"1":33,"2":1,"3":32,"4":20,"5":12,"6":3,"7":9,"8":1,"9":2,"10":8,"11":2,"12":5,"13":5,"14":6,"15":1,"16":2,"17":1,"18":1,"19":5,"20":3,"21":8,"22":5,"23":16},"f":{"0":9,"1":33,"2":2,"3":5,"4":5,"5":2,"6":1,"7":3,"8":8,"9":16},"b":{"0":[6,3],"1":[2,1],"2":[1,32],"3":[20,12],"4":[32,32],"5":[3,9],"6":[1,8],"7":[2,6],"8":[1,5]},"meta":{"lastBranch":9,"lastFunction":10,"lastStatement":24,"seen":{"f:3:9:3:21":0,"s:4:2:4:Infinity":0,"b:4:17:4:22:4:22:4:Infinity":0,"b:4:30:4:34:4:34:4:Infinity":1,"f:7:9:7:19":1,"b:8:2:10:Infinity:undefined:undefined:undefined:undefined":2,"s:8:2:10:Infinity":1,"s:9:4:9:Infinity":2,"b:11:2:13:Infinity:undefined:undefined:undefined:undefined":3,"s:11:2:13:Infinity":3,"b:11:6:11:24:11:24:11:51":4,"s:12:4:12:Infinity":4,"b:14:2:16:Infinity:undefined:undefined:undefined:undefined":5,"s:14:2:16:Infinity":5,"s:15:4:15:Infinity":6,"b:17:2:19:Infinity:undefined:undefined:undefined:undefined":6,"s:17:2:19:Infinity":7,"s:18:4:18:Infinity":8,"f:18:17:18:22":2,"s:18:31:18:46":9,"b:20:2:24:Infinity:undefined:undefined:undefined:undefined":7,"s:20:2:24:Infinity":10,"s:21:4:23:Infinity":11,"f:22:7:22:12":3,"s:22:21:22:36":12,"f:23:7:23:13":4,"s:23:22:23:73":13,"b:25:2:30:Infinity:undefined:undefined:undefined:undefined":8,"s:25:2:30:Infinity":14,"s:26:20:28:Infinity":15,"f:27:7:27:12":5,"s:27:28:27:79":16,"f:28:7:28:13":6,"s:28:22:28:45":17,"s:29:4:29:Infinity":18,"s:31:18:33:Infinity":19,"f:32:5:32:11":7,"s:32:24:32:41":20,"f:33:5:33:10":8,"s:33:26:33:69":21,"s:34:2:34:Infinity":22,"f:37:16:37:32":9,"s:38:2:38:Infinity":23},"fnNames":{}}}
,"/home/minjian/develop/bizs/bms/frontend-mobile/src/views/HomeView.vue": {"path":"/home/minjian/develop/bizs/bms/frontend-mobile/src/views/HomeView.vue","statementMap":{"0":{"start":{"line":7,"column":14},"end":{"line":7,"column":22}},"1":{"start":{"line":8,"column":13},"end":{"line":8,"column":null}},"2":{"start":{"line":9,"column":16},"end":{"line":9,"column":null}},"3":{"start":{"line":10,"column":18},"end":{"line":10,"column":null}},"4":{"start":{"line":12,"column":0},"end":{"line":21,"column":null}},"5":{"start":{"line":13,"column":2},"end":{"line":20,"column":null}},"6":{"start":{"line":14,"column":17},"end":{"line":14,"column":36}},"7":{"start":{"line":15,"column":4},"end":{"line":15,"column":null}},"8":{"start":{"line":16,"column":4},"end":{"line":16,"column":null}},"9":{"start":{"line":17,"column":4},"end":{"line":17,"column":null}},"10":{"start":{"line":19,"column":4},"end":{"line":19,"column":null}},"11":{"start":{"line":25,"column":8},"end":{"line":25,"column":null}},"12":{"start":{"line":25,"column":2},"end":{"line":28,"column":47}}},"fnMap":{"0":{"name":"(anonymous_0)","decl":{"start":{"line":12,"column":10},"end":{"line":12,"column":22}},"loc":{"start":{"line":12,"column":22},"end":{"line":21,"column":1}},"line":12}},"branchMap":{"0":{"loc":{"start":{"line":27,"column":13},"end":{"line":28,"column":47}},"type":"cond-expr","locations":[{"start":{"line":27,"column":4},"end":{"line":27,"column":75}},{"start":{"line":28,"column":4},"end":{"line":28,"column":47}}],"line":27}},"s":{"0":2,"1":2,"2":2,"3":2,"4":2,"5":2,"6":2,"7":1,"8":1,"9":1,"10":1,"11":1,"12":3},"f":{"0":2},"b":{"0":[1,2]},"meta":{"lastBranch":1,"lastFunction":1,"lastStatement":13,"seen":{"s:7:14:7:22":0,"s:8:13:8:Infinity":1,"s:9:16:9:Infinity":2,"s:10:18:10:Infinity":3,"s:12:0:21:Infinity":4,"f:12:10:12:22":0,"s:13:2:20:Infinity":5,"s:14:17:14:36":6,"s:15:4:15:Infinity":7,"s:16:4:16:Infinity":8,"s:17:4:17:Infinity":9,"s:19:4:19:Infinity":10,"s:25:8:25:Infinity":11,"s:25:2:28:47":12,"b:27:4:27:75:28:4:28:47":0},"fnNames":{}}}
}
