{"/home/minjian/develop/bizs/bms/frontend-mobile/src/i18n/en-US.ts": {"path":"/home/minjian/develop/bizs/bms/frontend-mobile/src/i18n/en-US.ts","statementMap":{},"fnMap":{},"branchMap":{},"s":{},"f":{},"b":{},"meta":{"lastBranch":0,"lastFunction":0,"lastStatement":0,"seen":{},"fnNames":{}}}
,"/home/minjian/develop/bizs/bms/frontend-mobile/src/i18n/index.ts": {"path":"/home/minjian/develop/bizs/bms/frontend-mobile/src/i18n/index.ts","statementMap":{"0":{"start":{"line":6,"column":20},"end":{"line":14,"column":null}}},"fnMap":{},"branchMap":{},"s":{"0":1},"f":{},"b":{},"meta":{"lastBranch":0,"lastFunction":0,"lastStatement":1,"seen":{"s:6:20:14:Infinity":0},"fnNames":{}}}
,"/home/minjian/develop/bizs/bms/frontend-mobile/src/i18n/zh-CN.ts": {"path":"/home/minjian/develop/bizs/bms/frontend-mobile/src/i18n/zh-CN.ts","statementMap":{},"fnMap":{},"branchMap":{},"s":{},"f":{},"b":{},"meta":{"lastBranch":0,"lastFunction":0,"lastStatement":0,"seen":{},"fnNames":{}}}
,"/home/minjian/develop/bizs/bms/frontend-mobile/src/views/HomeView.vue": {"path":"/home/minjian/develop/bizs/bms/frontend-mobile/src/views/HomeView.vue","statementMap":{"0":{"start":{"line":7,"column":14},"end":{"line":7,"column":22}},"1":{"start":{"line":8,"column":13},"end":{"line":8,"column":null}},"2":{"start":{"line":9,"column":16},"end":{"line":9,"column":null}},"3":{"start":{"line":10,"column":18},"end":{"line":10,"column":null}},"4":{"start":{"line":12,"column":0},"end":{"line":21,"column":null}},"5":{"start":{"line":13,"column":2},"end":{"line":20,"column":null}},"6":{"start":{"line":14,"column":17},"end":{"line":14,"column":36}},"7":{"start":{"line":15,"column":4},"end":{"line":15,"column":null}},"8":{"start":{"line":16,"column":4},"end":{"line":16,"column":null}},"9":{"start":{"line":17,"column":4},"end":{"line":17,"column":null}},"10":{"start":{"line":19,"column":4},"end":{"line":19,"column":null}},"11":{"start":{"line":25,"column":8},"end":{"line":25,"column":null}},"12":{"start":{"line":25,"column":2},"end":{"line":28,"column":47}}},"fnMap":{"0":{"name":"(anonymous_0)","decl":{"start":{"line":12,"column":10},"end":{"line":12,"column":22}},"loc":{"start":{"line":12,"column":22},"end":{"line":21,"column":1}},"line":12}},"branchMap":{"0":{"loc":{"start":{"line":27,"column":13},"end":{"line":28,"column":47}},"type":"cond-expr","locations":[{"start":{"line":27,"column":4},"end":{"line":27,"column":75}},{"start":{"line":28,"column":4},"end":{"line":28,"column":47}}],"line":27}},"s":{"0":2,"1":2,"2":2,"3":2,"4":2,"5":2,"6":2,"7":1,"8":1,"9":1,"10":1,"11":1,"12":3},"f":{"0":2},"b":{"0":[1,2]},"meta":{"lastBranch":1,"lastFunction":1,"lastStatement":13,"seen":{"s:7:14:7:22":0,"s:8:13:8:Infinity":1,"s:9:16:9:Infinity":2,"s:10:18:10:Infinity":3,"s:12:0:21:Infinity":4,"f:12:10:12:22":0,"s:13:2:20:Infinity":5,"s:14:17:14:36":6,"s:15:4:15:Infinity":7,"s:16:4:16:Infinity":8,"s:17:4:17:Infinity":9,"s:19:4:19:Infinity":10,"s:25:8:25:Infinity":11,"s:25:2:28:47":12,"b:27:4:27:75:28:4:28:47":0},"fnNames":{}}}
}
